Running Workload [ContigUploadWorkload]...
Completed Workload [ContigUploadWorkload]...
Run Time 20133ms

Running Workload [ProfileWorkload]...
Running Workload [ContigUploadWorkload]...
Running Workload [ProfileWorkload]...
Completed Workload [ProfileWorkload]...
Run Time 7008818ms

Running Workload [AssignTaskWorkload]...
Running Workload [StupidWorkload]...
Completed Workload [StupidWorkload]...
Run Time 58581ms
Reads After Writes of Same Document:
   Min: 0.000000
   Max: 71.000000
   Mean: 0.562586
   Median: 1.000000
   Standard Deviation: 0.859411
Writes After Reads of Same Document:
   Min: 0.000000
   Max: 48.000000
   Mean: 0.017690
   Median: 0.000000
   Standard Deviation: 0.213254
Combined:
   Min: 0.000000
   Max: 71.000000
   Mean: 0.290136
   Median: 0.000000
   Standard Deviation: 0.682831

Running Workload [GroupMemWorkload]...
Completed Workload [GroupMemWorkload]...
Run Time 9086304ms

Running Workload [PublishWorkload]...
Running Workload [PublishWorkload]...
Completed Workload [PublishWorkload]...
Run Time 1830064ms

Running Workload [AssignTaskWorkload]...
