Running Workload [ContigUploadWorkload]...
Completed Workload [ContigUploadWorkload]...
Run Time 119892ms

Running Workload [ProfileWorkload]...
Completed Workload [ProfileWorkload]...
Run Time 2908257ms

Running Workload [AssignTaskWorkload]...
Running Workload [AssignTaskWorkload]...
Completed Workload [AssignTaskWorkload]...
Run Time 39325189ms

Running Workload [GroupMemWorkload]...
Completed Workload [GroupMemWorkload]...
Run Time 316673ms

Running Workload [PublishWorkload]...
Completed Workload [PublishWorkload]...
Run Time 510837ms

Running Workload [StupidWorkload]...
Running Workload [StupidWorkload]...
Completed Workload [StupidWorkload]...
Run Time 103808ms
Reads After Writes of Same Document:
   Min: 0.000000
   Max: 25.000000
   Mean: 0.473855
   Median: 0.000000
   Standard Deviation: 0.685739
Writes After Reads of Same Document:
   Min: 0.000000
   Max: 70.000000
   Mean: 0.558270
   Median: 1.000000
   Standard Deviation: 0.859409
Combined:
   Min: 0.000000
   Max: 70.000000
   Mean: 0.516063
   Median: 0.000000
   Standard Deviation: 0.778584

